<?xml version="1.0" encoding="UTF-8"?>
<!-- Generated by org.testng.reporters.JUnitXMLReporter -->
<testsuite hostname="S" ignored="1" name="Test" tests="11" failures="0" timestamp="23 Dec 2021 16:09:47 GMT" time="0.261" errors="0">
  <testcase name="tc2" time="0.028" classname="org.frame4.TestNg2"/>
  <testcase name="tc13" time="0.01" classname="org.frame4.TestNg14"/>
  <testcase name="tc11" time="0.01" classname="org.frame4.TestNg14"/>
  <testcase name="tc3" time="0.005" classname="org.frame4.TestNg14"/>
  <testcase name="tc3" time="0.005" classname="org.frame4.TestNg2"/>
  <testcase name="tc5" time="0.015" classname="org.frame4.TestNg2"/>
  <testcase name="tc2" time="0.07" classname="org.frame4.TestNg14"/>
  <testcase name="tc1" time="0.007" classname="org.frame4.TestNg2"/>
  <testcase name="tc1" time="0.005" classname="org.frame4.TestNg2"/>
  <testcase name="tc1" time="0.005" classname="org.frame4.TestNg2"/>
  <testcase name="tc1" time="0.0" classname="org.frame4.TestNg2"/>
  <testcase name="tc4" time="0.0" classname="org.frame4.TestNg2">
    <ignored/>
  </testcase> <!-- tc4 -->
</testsuite> <!-- Test -->
